<?xml version="1.0" encoding="UTF-8"?>
<testsuite name="com.bestbuy.cucumber.CucumberRunner" time="0" tests="30" errors="0" skipped="25" failures="0">
  <properties>
    <property name="idea.version" value="2022.2.2"/>
    <property name="java.runtime.name" value="Java(TM) SE Runtime Environment"/>
    <property name="sun.boot.library.path" value="C:\Program Files\Java\jdk1.8.0_121\jre\bin"/>
    <property name="java.vm.version" value="25.121-b13"/>
    <property name="java.vm.vendor" value="Oracle Corporation"/>
    <property name="maven.multiModuleProjectDirectory" value="C:\Users\44744\IdeaProjects\bestbuy-serenityCucumber-pradipkakadiya-08-01-2023"/>
    <property name="java.vendor.url" value="http://java.oracle.com/"/>
    <property name="path.separator" value=";"/>
    <property name="guice.disable.misplaced.annotation.check" value="true"/>
    <property name="java.vm.name" value="Java HotSpot(TM) 64-Bit Server VM"/>
    <property name="file.encoding.pkg" value="sun.io"/>
    <property name="user.script" value=""/>
    <property name="user.country" value="IN"/>
    <property name="sun.java.launcher" value="SUN_STANDARD"/>
    <property name="sun.os.patch.level" value=""/>
    <property name="java.vm.specification.name" value="Java Virtual Machine Specification"/>
    <property name="user.dir" value="C:\Users\44744\IdeaProjects\bestbuy-serenityCucumber-pradipkakadiya-08-01-2023"/>
    <property name="java.runtime.version" value="1.8.0_121-b13"/>
    <property name="java.awt.graphicsenv" value="sun.awt.Win32GraphicsEnvironment"/>
    <property name="java.endorsed.dirs" value="C:\Program Files\Java\jdk1.8.0_121\jre\lib\endorsed"/>
    <property name="os.arch" value="amd64"/>
    <property name="java.io.tmpdir" value="C:\Users\44744\AppData\Local\Temp\"/>
    <property name="line.separator" value="&#10;"/>
    <property name="java.vm.specification.vendor" value="Oracle Corporation"/>
    <property name="user.variant" value=""/>
    <property name="os.name" value="Windows 10"/>
    <property name="maven.ext.class.path" value="C:\Program Files\JetBrains\IntelliJ IDEA Community Edition 2022.2.2\plugins\maven\lib\maven-event-listener.jar"/>
    <property name="classworlds.conf" value="C:\Program Files\JetBrains\IntelliJ IDEA Community Edition 2022.2.2\plugins\maven\lib\maven3\bin\m2.conf"/>
    <property name="sun.jnu.encoding" value="Cp1252"/>
    <property name="java.library.path" value="C:\Program Files\Java\jdk1.8.0_121\bin;C:\Windows\Sun\Java\bin;C:\Windows\system32;C:\Windows;C:\ProgramData\Oracle\Java\javapath;C:\Windows\system32;C:\Windows;C:\Windows\System32\Wbem;C:\Windows\System32\WindowsPowerShell\v1.0\;C:\Windows\System32\OpenSSH\;C:\Program Files\Java\jdk1.8.0_121\;C:\Program Files\Git\cmd;C:\Program Files\Java\jdk1.8.0_121\bin;C:\Apache\apache-maven-3.8.6\bin;C:\Apache\apache-maven-3.8.6\bin;C:\Program Files\nodejs\;C:\Users\44744\AppData\Local\Microsoft\WindowsApps;C:\Users\44744\AppData\Roaming\npm;."/>
    <property name="maven.conf" value="C:\Program Files\JetBrains\IntelliJ IDEA Community Edition 2022.2.2\plugins\maven\lib\maven3/conf"/>
    <property name="java.specification.name" value="Java Platform API Specification"/>
    <property name="java.class.version" value="52.0"/>
    <property name="sun.management.compiler" value="HotSpot 64-Bit Tiered Compilers"/>
    <property name="os.version" value="10.0"/>
    <property name="user.home" value="C:\Users\44744"/>
    <property name="tags" value="“Storefeature:SMOKE,Storefeature:POSITIVE,Storefeature:NEGETIVE,”serenity:aggregate"/>
    <property name="user.timezone" value="Europe/London"/>
    <property name="java.awt.printerjob" value="sun.awt.windows.WPrinterJob"/>
    <property name="java.specification.version" value="1.8"/>
    <property name="file.encoding" value="UTF-8"/>
    <property name="user.name" value="44744"/>
    <property name="java.class.path" value="C:\Program Files\JetBrains\IntelliJ IDEA Community Edition 2022.2.2\plugins\maven\lib\maven3\boot\plexus-classworlds-2.6.0.jar;C:\Program Files\JetBrains\IntelliJ IDEA Community Edition 2022.2.2\plugins\maven\lib\maven3\boot\plexus-classworlds.license;C:\Program Files\JetBrains\IntelliJ IDEA Community Edition 2022.2.2\lib\idea_rt.jar"/>
    <property name="java.vm.specification.version" value="1.8"/>
    <property name="sun.arch.data.model" value="64"/>
    <property name="java.home" value="C:\Program Files\Java\jdk1.8.0_121\jre"/>
    <property name="sun.java.command" value="org.codehaus.classworlds.Launcher -Didea.version=2022.2.2 clean verify -Dtags=“Storefeature:SMOKE,Storefeature:POSITIVE,Storefeature:NEGETIVE,”serenity:aggregate"/>
    <property name="java.specification.vendor" value="Oracle Corporation"/>
    <property name="user.language" value="en"/>
    <property name="awt.toolkit" value="sun.awt.windows.WToolkit"/>
    <property name="java.vm.info" value="mixed mode"/>
    <property name="java.version" value="1.8.0_121"/>
    <property name="java.ext.dirs" value="C:\Program Files\Java\jdk1.8.0_121\jre\lib\ext;C:\Windows\Sun\Java\lib\ext"/>
    <property name="sun.boot.class.path" value="C:\Program Files\Java\jdk1.8.0_121\jre\lib\resources.jar;C:\Program Files\Java\jdk1.8.0_121\jre\lib\rt.jar;C:\Program Files\Java\jdk1.8.0_121\jre\lib\sunrsasign.jar;C:\Program Files\Java\jdk1.8.0_121\jre\lib\jsse.jar;C:\Program Files\Java\jdk1.8.0_121\jre\lib\jce.jar;C:\Program Files\Java\jdk1.8.0_121\jre\lib\charsets.jar;C:\Program Files\Java\jdk1.8.0_121\jre\lib\jfr.jar;C:\Program Files\Java\jdk1.8.0_121\jre\classes"/>
    <property name="java.vendor" value="Oracle Corporation"/>
    <property name="maven.home" value="C:\Program Files\JetBrains\IntelliJ IDEA Community Edition 2022.2.2\plugins\maven\lib\maven3"/>
    <property name="file.separator" value="\"/>
    <property name="java.vendor.url.bug" value="http://bugreport.sun.com/bugreport/"/>
    <property name="sun.cpu.endian" value="little"/>
    <property name="sun.io.unicode.encoding" value="UnicodeLittle"/>
    <property name="sun.desktop" value="windows"/>
    <property name="sun.cpu.isalist" value="amd64"/>
  </properties>
  <testcase name="When User sends a GET request to list endpoint" classname="Scenario: Check if the student application can be accessed by users" time="0">
    <skipped/>
    <system-err><![CDATA[1719 [main] INFO net.serenitybdd.core.Serenity - 

-------------------------------------------------------------------------------------
     _______. _______ .______       _______ .__   __.  __  .___________.____    ____ 
    /       ||   ____||   _  \     |   ____||  \ |  | |  | |           |\   \  /   / 
   |   (----`|  |__   |  |_)  |    |  |__   |   \|  | |  | `---|  |----` \   \/   /  
    \   \    |   __|  |      /     |   __|  |  . `  | |  |     |  |       \_    _/   
.----)   |   |  |____ |  |\  \----.|  |____ |  |\   | |  |     |  |         |  |     
|_______/    |_______|| _| `._____||_______||__| \__| |__|     |__|         |__|    
-------------------------------------------------------------------------------------

1737 [main] INFO net.serenitybdd.core.Serenity - Test Suite Started: Testing different request on the student application
2219 [main] INFO net.serenitybdd.core.Serenity - 
 _____ _____ ____ _____   ____ _____  _    ____ _____ _____ ____  
|_   _| ____/ ___|_   _| / ___|_   _|/ \  |  _ \_   _| ____|  _ \ 
  | | |  _| \___ \ | |   \___ \ | | / _ \ | |_) || | |  _| | | | |
  | | | |___ ___) || |    ___) || |/ ___ \|  _ < | | | |___| |_| |
  |_| |_____|____/ |_|   |____/ |_/_/   \_\_| \_\|_| |_____|____/ 
                                                                  

TEST STARTED: Check if the student application can be accessed by users
-------------------------------------------------------------------
]]></system-err>
  </testcase>
  <testcase name="Then User must get back a valid status code 200" classname="Scenario: Check if the student application can be accessed by users" time="0">
    <skipped/>
    <system-err><![CDATA[2336 [main] INFO net.serenitybdd.core.Serenity - TEST PENDING
]]></system-err>
  </testcase>
  <testcase name="Scenario: Check if the student application can be accessed by users" classname="Scenario: Check if the student application can be accessed by users" time="0">
    <skipped/>
    <system-err><![CDATA[2348 [main] INFO net.serenitybdd.core.Serenity - TEST PENDING
2361 [main] INFO net.serenitybdd.core.Serenity - 
          __  _____ _____ ____ _____   ____  _____ _   _ ____ ___ _   _  ____ 
 _       / / |_   _| ____/ ___|_   _| |  _ \| ____| \ | |  _ \_ _| \ | |/ ___|
(_)____ / /    | | |  _| \___ \ | |   | |_) |  _| |  \| | | | | ||  \| | |  _ 
 |_____/ /     | | | |___ ___) || |   |  __/| |___| |\  | |_| | || |\  | |_| |
(_)   /_/      |_| |_____|____/ |_|   |_|   |_____|_| \_|____/___|_| \_|\____|
                                                                                

TEST PENDING: Check if the student application can be accessed by users
---------------------------------------------------------------------------------
4228 [pool-1-thread-1] INFO net.thucydides.core.reports.json.JSONTestOutcomeReporter - Generating JSON report for Check if the student application can be accessed by users to file C:\Users\44744\IdeaProjects\bestbuy-serenityCucumber-pradipkakadiya-08-01-2023\target\site\serenity\11f9b905b61ae28494bec9371c029679e19e5d38871f8106f20af0c3a07335cd.json (using temp file C:\Users\44744\IdeaProjects\bestbuy-serenityCucumber-pradipkakadiya-08-01-2023\target\site\serenity\11f9b905b61ae28494bec9371c029679e19e5d38871f8106f20af0c3a07335cd.jsonfe3bdf4a-54fc-43ad-9b6f-a69d43f22916)
4604 [pool-2-thread-1] INFO net.thucydides.core.reports.html.HtmlAcceptanceTestReporter - GENERATING HTML REPORT FOR Testing different request on the student application:Check if the student application can be accessed by users in 11f9b905b61ae28494bec9371c029679e19e5d38871f8106f20af0c3a07335cd.html in directory target\site\serenity  
]]></system-err>
  </testcase>
  <testcase name="Scenario: Check if the student application can be accessed by users" classname="Scenario: Check if the student application can be accessed by users" time="5.98"/>
  <testcase name="When I create a new student by providing the information firstName &quot;Prime&quot; lastName &quot;prime1&quot; email &quot;prime1@gmail.com&quot; programme &quot;Computer Science&quot; courses &quot;JAVA&quot;" classname="| Prime | prime1 | prime1@gmail.com | Computer Science | JAVA |" time="0">
    <skipped/>
    <system-err><![CDATA[7797 [main] INFO net.serenitybdd.core.Serenity - 
 _____ _____ ____ _____   ____ _____  _    ____ _____ _____ ____  
|_   _| ____/ ___|_   _| / ___|_   _|/ \  |  _ \_   _| ____|  _ \ 
  | | |  _| \___ \ | |   \___ \ | | / _ \ | |_) || | |  _| | | | |
  | | | |___ ___) || |    ___) || |/ ___ \|  _ < | | | |___| |_| |
  |_| |_____|____/ |_|   |____/ |_/_/   \_\_| \_\|_| |_____|____/ 
                                                                  

TEST STARTED: Create a new student & verify if the student is added
-------------------------------------------------------------------
]]></system-err>
  </testcase>
  <testcase name="When I create a new student by providing the information firstName &quot;Prime&quot; lastName &quot;prime1&quot; email &quot;prime1@gmail.com&quot; programme &quot;Computer Science&quot; courses &quot;JAVA&quot;" classname="| Prime | prime1 | prime1@gmail.com | Computer Science | JAVA |" time="0">
    <skipped/>
    <system-err><![CDATA[8186 [main] INFO net.serenitybdd.core.Serenity - TEST PENDING
]]></system-err>
  </testcase>
  <testcase name="Then I verify that the student with &quot;prime1@gmail.com&quot; is created" classname="| Prime | prime1 | prime1@gmail.com | Computer Science | JAVA |" time="0">
    <skipped/>
    <system-err><![CDATA[7811 [main] INFO net.serenitybdd.core.Serenity - TEST PENDING
]]></system-err>
  </testcase>
  <testcase name="| Prime | prime1 | prime1@gmail.com | Computer Science | JAVA |" classname="| Prime | prime1 | prime1@gmail.com | Computer Science | JAVA |" time="0">
    <skipped/>
    <system-err><![CDATA[7812 [main] INFO net.serenitybdd.core.Serenity - TEST PENDING
7814 [main] INFO net.serenitybdd.core.Serenity - 
          __  _____ _____ ____ _____   ____  _____ _   _ ____ ___ _   _  ____ 
 _       / / |_   _| ____/ ___|_   _| |  _ \| ____| \ | |  _ \_ _| \ | |/ ___|
(_)____ / /    | | |  _| \___ \ | |   | |_) |  _| |  \| | | | | ||  \| | |  _ 
 |_____/ /     | | | |___ ___) || |   |  __/| |___| |\  | |_| | || |\  | |_| |
(_)   /_/      |_| |_____|____/ |_|   |_|   |_____|_| \_|____/___|_| \_|\____|
                                                                                

TEST PENDING: Create a new student & verify if the student is added
---------------------------------------------------------------------------------
]]></system-err>
  </testcase>
  <testcase name="| Prime | prime1 | prime1@gmail.com | Computer Science | JAVA |" classname="| Prime | prime1 | prime1@gmail.com | Computer Science | JAVA |" time="0.021"/>
  <testcase name="| Prime | prime1 | prime1@gmail.com | Computer Science | JAVA |" classname="| Prime | prime1 | prime1@gmail.com | Computer Science | JAVA |" time="0">
    <skipped/>
    <system-err><![CDATA[8195 [main] INFO net.serenitybdd.core.Serenity - TEST PENDING
8196 [main] INFO net.serenitybdd.core.Serenity - 
          __  _____ _____ ____ _____   ____  _____ _   _ ____ ___ _   _  ____ 
 _       / / |_   _| ____/ ___|_   _| |  _ \| ____| \ | |  _ \_ _| \ | |/ ___|
(_)____ / /    | | |  _| \___ \ | |   | |_) |  _| |  \| | | | | ||  \| | |  _ 
 |_____/ /     | | | |___ ___) || |   |  __/| |___| |\  | |_| | || |\  | |_| |
(_)   /_/      |_| |_____|____/ |_|   |_|   |_____|_| \_|____/___|_| \_|\____|
                                                                                

TEST PENDING: CRUD Test
---------------------------------------------------------------------------------
]]></system-err>
  </testcase>
  <testcase name="| Prime | prime1 | prime1@gmail.com | Computer Science | JAVA |" classname="| Prime | prime1 | prime1@gmail.com | Computer Science | JAVA |" time="0.013"/>
  <testcase name="When I create a new student by providing the information firstName &quot;Prime2&quot; lastName &quot;prime3&quot; email &quot;prime2@gmail.com&quot; programme &quot;Api Testing&quot; courses &quot;Python&quot;" classname="| Prime2 | prime3 | prime2@gmail.com | Api Testing | Python |" time="0">
    <skipped/>
  </testcase>
  <testcase name="When I create a new student by providing the information firstName &quot;Prime2&quot; lastName &quot;prime3&quot; email &quot;prime2@gmail.com&quot; programme &quot;Api Testing&quot; courses &quot;Python&quot;" classname="| Prime2 | prime3 | prime2@gmail.com | Api Testing | Python |" time="0">
    <skipped/>
    <system-err><![CDATA[8199 [main] INFO net.serenitybdd.core.Serenity - TEST PENDING
]]></system-err>
  </testcase>
  <testcase name="Then I verify that the student with &quot;prime2@gmail.com&quot; is created" classname="| Prime2 | prime3 | prime2@gmail.com | Api Testing | Python |" time="0">
    <skipped/>
    <system-err><![CDATA[7824 [main] INFO net.serenitybdd.core.Serenity - TEST PENDING
]]></system-err>
  </testcase>
  <testcase name="| Prime2 | prime3 | prime2@gmail.com | Api Testing | Python |" classname="| Prime2 | prime3 | prime2@gmail.com | Api Testing | Python |" time="0">
    <skipped/>
    <system-err><![CDATA[7826 [main] INFO net.serenitybdd.core.Serenity - TEST PENDING
7826 [main] INFO net.serenitybdd.core.Serenity - 
          __  _____ _____ ____ _____   ____  _____ _   _ ____ ___ _   _  ____ 
 _       / / |_   _| ____/ ___|_   _| |  _ \| ____| \ | |  _ \_ _| \ | |/ ___|
(_)____ / /    | | |  _| \___ \ | |   | |_) |  _| |  \| | | | | ||  \| | |  _ 
 |_____/ /     | | | |___ ___) || |   |  __/| |___| |\  | |_| | || |\  | |_| |
(_)   /_/      |_| |_____|____/ |_|   |_|   |_____|_| \_|____/___|_| \_|\____|
                                                                                

TEST PENDING: Create a new student & verify if the student is added
---------------------------------------------------------------------------------
7847 [pool-3-thread-1] INFO net.thucydides.core.reports.json.JSONTestOutcomeReporter - Generating JSON report for Check if the student application can be accessed by users to file C:\Users\44744\IdeaProjects\bestbuy-serenityCucumber-pradipkakadiya-08-01-2023\target\site\serenity\11f9b905b61ae28494bec9371c029679e19e5d38871f8106f20af0c3a07335cd.json (using temp file C:\Users\44744\IdeaProjects\bestbuy-serenityCucumber-pradipkakadiya-08-01-2023\target\site\serenity\11f9b905b61ae28494bec9371c029679e19e5d38871f8106f20af0c3a07335cd.jsone2176a29-a0f6-4bc9-96c5-2c22608de092)
7868 [pool-3-thread-2] INFO net.thucydides.core.reports.json.JSONTestOutcomeReporter - Generating JSON report for Create a new student & verify if the student is added to file C:\Users\44744\IdeaProjects\bestbuy-serenityCucumber-pradipkakadiya-08-01-2023\target\site\serenity\f75af8060d704883aceec07baee244194795eb0ee46c538bfa33e14585e08dc6.json (using temp file C:\Users\44744\IdeaProjects\bestbuy-serenityCucumber-pradipkakadiya-08-01-2023\target\site\serenity\f75af8060d704883aceec07baee244194795eb0ee46c538bfa33e14585e08dc6.json1781f8eb-36b7-4900-a652-26c41091a6dc)
7910 [pool-4-thread-1] INFO net.thucydides.core.reports.html.HtmlAcceptanceTestReporter - GENERATING HTML REPORT FOR Testing different request on the student application:Check if the student application can be accessed by users in 11f9b905b61ae28494bec9371c029679e19e5d38871f8106f20af0c3a07335cd.html in directory target\site\serenity  
7916 [pool-4-thread-2] INFO net.thucydides.core.reports.html.HtmlAcceptanceTestReporter - GENERATING HTML REPORT FOR Testing different request on the student application:Create a new student & verify if the student is added in f75af8060d704883aceec07baee244194795eb0ee46c538bfa33e14585e08dc6.html in directory target\site\serenity  
]]></system-err>
  </testcase>
  <testcase name="| Prime2 | prime3 | prime2@gmail.com | Api Testing | Python |" classname="| Prime2 | prime3 | prime2@gmail.com | Api Testing | Python |" time="0.36"/>
  <testcase name="| Prime2 | prime3 | prime2@gmail.com | Api Testing | Python |" classname="| Prime2 | prime3 | prime2@gmail.com | Api Testing | Python |" time="0">
    <skipped/>
    <system-err><![CDATA[8205 [main] INFO net.serenitybdd.core.Serenity - TEST PENDING
8207 [main] INFO net.serenitybdd.core.Serenity - 
          __  _____ _____ ____ _____   ____  _____ _   _ ____ ___ _   _  ____ 
 _       / / |_   _| ____/ ___|_   _| |  _ \| ____| \ | |  _ \_ _| \ | |/ ___|
(_)____ / /    | | |  _| \___ \ | |   | |_) |  _| |  \| | | | | ||  \| | |  _ 
 |_____/ /     | | | |___ ___) || |   |  __/| |___| |\  | |_| | || |\  | |_| |
(_)   /_/      |_| |_____|____/ |_|   |_|   |_____|_| \_|____/___|_| \_|\____|
                                                                                

TEST PENDING: CRUD Test
---------------------------------------------------------------------------------
8225 [pool-5-thread-1] INFO net.thucydides.core.reports.json.JSONTestOutcomeReporter - Generating JSON report for Check if the student application can be accessed by users to file C:\Users\44744\IdeaProjects\bestbuy-serenityCucumber-pradipkakadiya-08-01-2023\target\site\serenity\11f9b905b61ae28494bec9371c029679e19e5d38871f8106f20af0c3a07335cd.json (using temp file C:\Users\44744\IdeaProjects\bestbuy-serenityCucumber-pradipkakadiya-08-01-2023\target\site\serenity\11f9b905b61ae28494bec9371c029679e19e5d38871f8106f20af0c3a07335cd.json8487d922-7dce-4ae7-9866-5b0003174b32)
8232 [pool-5-thread-2] INFO net.thucydides.core.reports.json.JSONTestOutcomeReporter - Generating JSON report for Create a new student & verify if the student is added to file C:\Users\44744\IdeaProjects\bestbuy-serenityCucumber-pradipkakadiya-08-01-2023\target\site\serenity\f75af8060d704883aceec07baee244194795eb0ee46c538bfa33e14585e08dc6.json (using temp file C:\Users\44744\IdeaProjects\bestbuy-serenityCucumber-pradipkakadiya-08-01-2023\target\site\serenity\f75af8060d704883aceec07baee244194795eb0ee46c538bfa33e14585e08dc6.json0cbb3a43-b7d3-46aa-94de-d845fbbd870a)
8244 [pool-5-thread-3] INFO net.thucydides.core.reports.json.JSONTestOutcomeReporter - Generating JSON report for CRUD Test to file C:\Users\44744\IdeaProjects\bestbuy-serenityCucumber-pradipkakadiya-08-01-2023\target\site\serenity\eb439059dd1f28a2510411e2cd55924f38bac7a2bce83ad18e5360c889ffb53b.json (using temp file C:\Users\44744\IdeaProjects\bestbuy-serenityCucumber-pradipkakadiya-08-01-2023\target\site\serenity\eb439059dd1f28a2510411e2cd55924f38bac7a2bce83ad18e5360c889ffb53b.jsonbb1369b2-56a8-41ed-b805-2d933467b768)
8263 [pool-6-thread-1] INFO net.thucydides.core.reports.html.HtmlAcceptanceTestReporter - GENERATING HTML REPORT FOR Testing different request on the student application:Check if the student application can be accessed by users in 11f9b905b61ae28494bec9371c029679e19e5d38871f8106f20af0c3a07335cd.html in directory target\site\serenity  
8263 [pool-6-thread-2] INFO net.thucydides.core.reports.html.HtmlAcceptanceTestReporter - GENERATING HTML REPORT FOR Testing different request on the student application:Create a new student & verify if the student is added in f75af8060d704883aceec07baee244194795eb0ee46c538bfa33e14585e08dc6.html in directory target\site\serenity  
8294 [pool-6-thread-3] INFO net.thucydides.core.reports.html.HtmlAcceptanceTestReporter - GENERATING HTML REPORT FOR Student Application:CRUD Test in eb439059dd1f28a2510411e2cd55924f38bac7a2bce83ad18e5360c889ffb53b.html in directory target\site\serenity  
]]></system-err>
  </testcase>
  <testcase name="| Prime2 | prime3 | prime2@gmail.com | Api Testing | Python |" classname="| Prime2 | prime3 | prime2@gmail.com | Api Testing | Python |" time="0.245"/>
  <testcase name="Given Student application is running" classname="| Prime | prime1 | prime1@gmail.com | Computer Science | JAVA |" time="0">
    <skipped/>
    <system-err><![CDATA[8184 [main] INFO net.serenitybdd.core.Serenity - Test Suite Started: Student Application
8185 [main] INFO net.serenitybdd.core.Serenity - 
 _____ _____ ____ _____   ____ _____  _    ____ _____ _____ ____  
|_   _| ____/ ___|_   _| / ___|_   _|/ \  |  _ \_   _| ____|  _ \ 
  | | |  _| \___ \ | |   \___ \ | | / _ \ | |_) || | |  _| | | | |
  | | | |___ ___) || |    ___) || |/ ___ \|  _ < | | | |___| |_| |
  |_| |_____|____/ |_|   |____/ |_/_/   \_\_| \_\|_| |_____|____/ 
                                                                  

TEST STARTED: CRUD Test
-------------------------------------------------------------------
]]></system-err>
  </testcase>
  <testcase name="Then I verify that the student with &quot;Prime&quot; is created" classname="| Prime | prime1 | prime1@gmail.com | Computer Science | JAVA |" time="0">
    <skipped/>
    <system-err><![CDATA[8189 [main] INFO net.serenitybdd.core.Serenity - TEST PENDING
]]></system-err>
  </testcase>
  <testcase name="And I update the student with information firstName &quot;Prime&quot; lastName &quot;prime1&quot; email &quot;prime1@gmail.com&quot; programme &quot;Computer Science&quot; courses &quot;JAVA&quot;" classname="| Prime | prime1 | prime1@gmail.com | Computer Science | JAVA |" time="0">
    <skipped/>
    <system-err><![CDATA[8189 [main] INFO net.serenitybdd.core.Serenity - TEST PENDING
]]></system-err>
  </testcase>
  <testcase name="And the student with firstName &quot;Prime&quot; is updated sucessfully" classname="| Prime | prime1 | prime1@gmail.com | Computer Science | JAVA |" time="0">
    <skipped/>
    <system-err><![CDATA[8191 [main] INFO net.serenitybdd.core.Serenity - TEST PENDING
]]></system-err>
  </testcase>
  <testcase name="And I delete the student that created with firstName &quot;Prime&quot;" classname="| Prime | prime1 | prime1@gmail.com | Computer Science | JAVA |" time="0">
    <skipped/>
    <system-err><![CDATA[8192 [main] INFO net.serenitybdd.core.Serenity - TEST PENDING
]]></system-err>
  </testcase>
  <testcase name="Then The student deleted successfully form the application" classname="| Prime | prime1 | prime1@gmail.com | Computer Science | JAVA |" time="0">
    <skipped/>
    <system-err><![CDATA[8193 [main] INFO net.serenitybdd.core.Serenity - TEST PENDING
]]></system-err>
  </testcase>
  <testcase name="Given Student application is running" classname="| Prime2 | prime3 | prime2@gmail.com | Api Testing | Python |" time="0">
    <skipped/>
  </testcase>
  <testcase name="Then I verify that the student with &quot;Prime2&quot; is created" classname="| Prime2 | prime3 | prime2@gmail.com | Api Testing | Python |" time="0">
    <skipped/>
    <system-err><![CDATA[8200 [main] INFO net.serenitybdd.core.Serenity - TEST PENDING
]]></system-err>
  </testcase>
  <testcase name="And I update the student with information firstName &quot;Prime2&quot; lastName &quot;prime3&quot; email &quot;prime2@gmail.com&quot; programme &quot;Api Testing&quot; courses &quot;Python&quot;" classname="| Prime2 | prime3 | prime2@gmail.com | Api Testing | Python |" time="0">
    <skipped/>
    <system-err><![CDATA[8202 [main] INFO net.serenitybdd.core.Serenity - TEST PENDING
]]></system-err>
  </testcase>
  <testcase name="And the student with firstName &quot;Prime2&quot; is updated sucessfully" classname="| Prime2 | prime3 | prime2@gmail.com | Api Testing | Python |" time="0">
    <skipped/>
    <system-err><![CDATA[8203 [main] INFO net.serenitybdd.core.Serenity - TEST PENDING
]]></system-err>
  </testcase>
  <testcase name="And I delete the student that created with firstName &quot;Prime2&quot;" classname="| Prime2 | prime3 | prime2@gmail.com | Api Testing | Python |" time="0">
    <skipped/>
    <system-err><![CDATA[8204 [main] INFO net.serenitybdd.core.Serenity - TEST PENDING
]]></system-err>
  </testcase>
  <testcase name="Then The student deleted successfully form the application" classname="| Prime2 | prime3 | prime2@gmail.com | Api Testing | Python |" time="0">
    <skipped/>
    <system-err><![CDATA[8204 [main] INFO net.serenitybdd.core.Serenity - TEST PENDING
]]></system-err>
  </testcase>
</testsuite>